<testsuites id="" name="" tests="4" failures="0" skipped="0" errors="0" time="2.242047000000006">
<testsuite name="example.spec.ts" timestamp="2025-09-15T23:37:54.953Z" hostname="chromium" tests="4" failures="0" skipped="0" time="3.979" errors="0">
<testcase name="Journey Home App › should load the homepage" classname="example.spec.ts" time="0.896">
<system-out>
<![CDATA[
[[ATTACHMENT|test-results/example-Journey-Home-App-should-load-the-homepage-chromium/trace.zip]]
]]>
</system-out>
</testcase>
<testcase name="Journey Home App › should have working navigation links" classname="example.spec.ts" time="0.897">
<system-out>
<![CDATA[
[[ATTACHMENT|test-results/example-Journey-Home-App-s-6295e-ve-working-navigation-links-chromium/trace.zip]]
]]>
</system-out>
</testcase>
<testcase name="Journey Home App › should be responsive on mobile" classname="example.spec.ts" time="0.846">
<system-out>
<![CDATA[
[[ATTACHMENT|test-results/example-Journey-Home-App-should-be-responsive-on-mobile-chromium/trace.zip]]
]]>
</system-out>
</testcase>
<testcase name="Journey Home App › should load without errors" classname="example.spec.ts" time="1.34">
<system-out>
<![CDATA[
[[ATTACHMENT|test-results/example-Journey-Home-App-should-load-without-errors-chromium/trace.zip]]
]]>
</system-out>
</testcase>
</testsuite>
</testsuites>